mode: atomic
github.com/johnklnl/replicators/examples/docs.go:39.29,47.16 6 0
github.com/johnklnl/replicators/examples/docs.go:47.16,48.13 1 0
github.com/johnklnl/replicators/examples/docs.go:52.2,52.26 1 0
github.com/johnklnl/replicators/examples/docs.go:52.26,54.3 1 0
github.com/johnklnl/replicators/examples/docs.go:56.2,56.39 1 0
github.com/johnklnl/replicators/examples/docs.go:56.39,60.3 3 0
github.com/johnklnl/replicators/examples/docs.go:63.26,67.2 3 0
github.com/johnklnl/replicators/examples/docs.go:69.34,77.2 3 0
github.com/johnklnl/replicators/examples/docs.go:79.22,84.2 4 0
github.com/johnklnl/replicators/examples/docs.go:86.24,96.120 4 0
github.com/johnklnl/replicators/examples/docs.go:96.120,97.20 1 0
github.com/johnklnl/replicators/examples/docs.go:98.42,99.19 1 0
github.com/johnklnl/replicators/examples/docs.go:107.2,108.16 2 0
github.com/johnklnl/replicators/examples/docs.go:108.16,109.13 1 0
github.com/johnklnl/replicators/examples/docs.go:112.2,113.15 2 0
github.com/johnklnl/replicators/examples/docs.go:113.15,118.3 2 0
github.com/johnklnl/replicators/examples/docs.go:120.2,120.19 1 0
github.com/johnklnl/replicators/examples/docs.go:120.19,122.3 1 0
github.com/johnklnl/replicators/examples/docs.go:124.2,127.44 2 0
github.com/johnklnl/replicators/examples/docs.go:130.13,141.2 10 0
github.com/johnklnl/replicators/examples/sse/main.go:43.13,45.2 1 0
github.com/johnklnl/replicators/examples/sse/main.go:47.68,49.20 2 0
github.com/johnklnl/replicators/examples/sse/main.go:49.20,51.105 2 0
github.com/johnklnl/replicators/examples/sse/main.go:51.105,53.4 1 0
github.com/johnklnl/replicators/examples/sse/main.go:54.3,54.11 1 0
github.com/johnklnl/replicators/examples/sse/main.go:58.13,66.86 3 0
github.com/johnklnl/replicators/examples/sse/main.go:66.86,67.59 1 0
github.com/johnklnl/replicators/examples/sse/main.go:67.59,69.6 1 0
github.com/johnklnl/replicators/examples/sse/main.go:77.2,80.74 1 0
github.com/johnklnl/replicators/examples/sse/main.go:80.74,82.18 2 0
github.com/johnklnl/replicators/examples/sse/main.go:82.18,85.5 2 0
github.com/johnklnl/replicators/examples/sse/main.go:87.4,92.8 4 0
github.com/johnklnl/replicators/examples/sse/main.go:92.8,93.12 1 0
github.com/johnklnl/replicators/examples/sse/main.go:94.34,95.13 1 0
github.com/johnklnl/replicators/examples/sse/main.go:95.13,96.76 1 0
github.com/johnklnl/replicators/examples/sse/main.go:96.76,98.8 1 0
github.com/johnklnl/replicators/examples/sse/main.go:99.7,99.17 1 0
github.com/johnklnl/replicators/examples/sse/main.go:101.6,103.30 2 0
github.com/johnklnl/replicators/examples/sse/main.go:108.4,108.24 1 0
github.com/johnklnl/replicators/examples/sse/main.go:112.2,112.12 1 0
github.com/johnklnl/replicators/examples/sse/main.go:112.12,117.54 5 0
github.com/johnklnl/replicators/examples/sse/main.go:117.54,119.4 1 0
github.com/johnklnl/replicators/examples/sse/main.go:122.2,123.15 2 0
github.com/johnklnl/replicators/examples/sse/main.go:123.15,124.90 1 0
github.com/johnklnl/replicators/examples/sse/main.go:124.90,125.14 1 0
github.com/johnklnl/replicators/examples/sse/main.go:129.2,129.20 1 0
github.com/johnklnl/replicators/examples/sse/main.go:129.20,130.16 1 0
github.com/johnklnl/replicators/examples/sse/main.go:130.16,132.18 2 0
github.com/johnklnl/replicators/examples/sse/main.go:132.18,135.5 2 0
github.com/johnklnl/replicators/examples/sse/main.go:136.4,139.8 4 0
github.com/johnklnl/replicators/examples/sse/main.go:139.8,140.20 1 0
github.com/johnklnl/replicators/examples/sse/main.go:140.20,142.6 1 0
github.com/johnklnl/replicators/examples/sse/main.go:143.5,145.19 3 0
github.com/johnklnl/replicators/examples/sse/main.go:145.19,146.33 1 0
github.com/johnklnl/replicators/examples/sse/main.go:146.33,148.7 1 0
github.com/johnklnl/replicators/examples/sse/main.go:149.6,149.12 1 0
github.com/johnklnl/replicators/examples/sse/main.go:155.2,157.11 2 0
github.com/johnklnl/replicators/events.go:43.45,45.2 1 0
github.com/johnklnl/replicators/events.go:51.39,53.2 1 0
github.com/johnklnl/replicators/events.go:59.39,61.2 1 0
github.com/johnklnl/replicators/events.go:67.44,69.2 1 0
github.com/johnklnl/replicators/events.go:78.49,80.2 1 0
github.com/johnklnl/replicators/events.go:83.44,85.2 1 0
github.com/johnklnl/replicators/events.go:91.49,93.2 1 0
github.com/johnklnl/replicators/events.go:99.47,101.2 1 0
github.com/johnklnl/replicators/events.go:104.42,106.2 1 0
github.com/johnklnl/replicators/events.go:112.38,114.2 1 0
github.com/johnklnl/replicators/events.go:117.33,119.2 1 0
github.com/johnklnl/replicators/events.go:125.43,127.2 1 0
github.com/johnklnl/replicators/events.go:130.38,132.2 1 0
github.com/johnklnl/replicators/events.go:138.54,140.2 1 0
github.com/johnklnl/replicators/events.go:143.49,145.2 1 0
github.com/johnklnl/replicators/events.go:151.44,153.2 1 0
github.com/johnklnl/replicators/events.go:156.59,158.2 1 0
github.com/johnklnl/replicators/events.go:164.43,166.2 1 0
github.com/johnklnl/replicators/events.go:169.58,171.2 1 0
github.com/johnklnl/replicators/events.go:180.46,182.2 1 0
github.com/johnklnl/replicators/events.go:185.61,187.2 1 0
github.com/johnklnl/replicators/events.go:198.75,200.2 1 286
github.com/johnklnl/replicators/hub.go:51.76,63.2 3 5
github.com/johnklnl/replicators/hub.go:67.62,68.9 1 41
github.com/johnklnl/replicators/hub.go:69.20,70.22 1 0
github.com/johnklnl/replicators/hub.go:70.22,72.4 1 0
github.com/johnklnl/replicators/hub.go:74.3,74.19 1 0
github.com/johnklnl/replicators/hub.go:75.25,76.22 1 41
github.com/johnklnl/replicators/hub.go:76.22,78.4 1 31
github.com/johnklnl/replicators/hub.go:79.3,79.13 1 41
github.com/johnklnl/replicators/hub.go:85.74,86.9 1 9
github.com/johnklnl/replicators/hub.go:87.20,89.22 2 0
github.com/johnklnl/replicators/hub.go:89.22,91.4 1 0
github.com/johnklnl/replicators/hub.go:92.3,92.13 1 0
github.com/johnklnl/replicators/hub.go:93.23,96.34 3 9
github.com/johnklnl/replicators/hub.go:116.102,118.9 2 20
github.com/johnklnl/replicators/hub.go:119.20,123.18 4 0
github.com/johnklnl/replicators/hub.go:124.23,124.23 0 20
github.com/johnklnl/replicators/hub.go:127.2,127.17 1 20
github.com/johnklnl/replicators/hub.go:140.52,142.2 1 5
github.com/johnklnl/replicators/logger.go:32.85,34.2 1 0
github.com/johnklnl/replicators/logger.go:38.47,40.2 1 0
github.com/johnklnl/replicators/logger.go:43.48,47.2 2 0
github.com/johnklnl/replicators/logger.go:56.88,57.42 1 0
github.com/johnklnl/replicators/logger.go:57.42,58.62 1 0
github.com/johnklnl/replicators/logger.go:58.63,58.64 0 0
github.com/johnklnl/replicators/logger.go:61.2,64.65 3 0
github.com/johnklnl/replicators/logger.go:64.65,66.19 2 0
github.com/johnklnl/replicators/logger.go:71.31,72.26 1 0
github.com/johnklnl/replicators/logger.go:73.36,74.14 1 0
github.com/johnklnl/replicators/logger.go:74.14,76.5 1 0
github.com/johnklnl/replicators/logger.go:77.4,77.27 1 0
github.com/johnklnl/replicators/logger.go:78.11,79.13 1 0
github.com/johnklnl/replicators/logger.go:79.13,81.5 1 0
github.com/johnklnl/replicators/logger.go:84.3,86.59 2 0
github.com/johnklnl/replicators/logger.go:86.59,88.4 1 0
github.com/johnklnl/replicators/logger.go:90.3,90.70 1 0
github.com/johnklnl/replicators/logger.go:90.70,94.4 1 0
github.com/johnklnl/replicators/logger.go:96.3,96.26 1 0
github.com/johnklnl/replicators/logger.go:97.20,98.55 1 0
github.com/johnklnl/replicators/logger.go:99.30,100.64 1 0
github.com/johnklnl/replicators/logger.go:101.27,102.62 1 0
github.com/johnklnl/replicators/logger.go:105.3,105.58 1 0
github.com/johnklnl/replicators/loop.go:29.51,42.2 1 5
github.com/johnklnl/replicators/loop.go:58.45,59.6 1 5
github.com/johnklnl/replicators/loop.go:59.6,60.10 1 73
github.com/johnklnl/replicators/loop.go:61.21,65.10 4 5
github.com/johnklnl/replicators/loop.go:66.19,68.39 2 5
github.com/johnklnl/replicators/loop.go:68.39,70.5 1 1
github.com/johnklnl/replicators/loop.go:71.4,77.5 1 5
github.com/johnklnl/replicators/loop.go:78.28,79.25 1 34
github.com/johnklnl/replicators/loop.go:80.26,82.23 2 20
github.com/johnklnl/replicators/loop.go:82.23,84.5 1 10
github.com/johnklnl/replicators/loop.go:85.26,87.39 2 9
github.com/johnklnl/replicators/loop.go:87.39,88.18 1 16
github.com/johnklnl/replicators/loop.go:88.18,91.6 2 7
github.com/johnklnl/replicators/loop.go:91.11,92.25 1 9
github.com/johnklnl/replicators/loop.go:92.25,94.7 1 9
github.com/johnklnl/replicators/loop.go:97.4,98.41 2 9
github.com/johnklnl/replicators/loop.go:103.53,104.21 1 5
github.com/johnklnl/replicators/loop.go:104.21,106.3 1 5
github.com/johnklnl/replicators/loop.go:108.2,109.9 2 5
github.com/johnklnl/replicators/loop.go:110.30,111.22 1 5
github.com/johnklnl/replicators/loop.go:112.20,112.20 0 0
github.com/johnklnl/replicators/loop.go:116.2,118.23 2 5
github.com/johnklnl/replicators/loop.go:118.23,120.3 1 5
github.com/johnklnl/replicators/loop.go:122.2,125.3 1 5
github.com/johnklnl/replicators/loop.go:128.57,129.31 1 41
github.com/johnklnl/replicators/loop.go:129.31,130.22 1 0
github.com/johnklnl/replicators/loop.go:130.22,132.4 1 0
github.com/johnklnl/replicators/loop.go:133.3,133.9 1 0
github.com/johnklnl/replicators/loop.go:136.2,137.38 2 41
github.com/johnklnl/replicators/loop.go:137.38,139.10 2 190
github.com/johnklnl/replicators/loop.go:140.25,141.23 1 0
github.com/johnklnl/replicators/loop.go:141.23,143.5 1 0
github.com/johnklnl/replicators/loop.go:144.4,146.15 3 0
github.com/johnklnl/replicators/loop.go:147.22,148.23 1 163
github.com/johnklnl/replicators/loop.go:148.23,150.5 1 70
github.com/johnklnl/replicators/loop.go:151.11,152.24 1 27
github.com/johnklnl/replicators/loop.go:152.24,154.5 1 11
github.com/johnklnl/replicators/loop.go:156.4,157.21 2 27
github.com/johnklnl/replicators/loop.go:157.21,158.12 1 16
github.com/johnklnl/replicators/loop.go:159.20,159.20 0 0
github.com/johnklnl/replicators/loop.go:160.13,160.13 0 16
github.com/johnklnl/replicators/loop.go:163.4,164.11 2 27
github.com/johnklnl/replicators/loop.go:165.23,166.24 1 26
github.com/johnklnl/replicators/loop.go:166.24,168.6 1 19
github.com/johnklnl/replicators/loop.go:169.19,170.24 1 1
github.com/johnklnl/replicators/loop.go:170.24,172.6 1 1
github.com/johnklnl/replicators/loop.go:174.5,176.27 2 1
github.com/johnklnl/replicators/loop.go:176.27,181.25 4 1
github.com/johnklnl/replicators/loop.go:181.25,183.7 1 1
github.com/johnklnl/replicators/loop.go:185.26,189.24 3 0
github.com/johnklnl/replicators/loop.go:189.24,191.6 1 0
github.com/johnklnl/replicators/loop.go:194.4,194.16 1 27
github.com/johnklnl/replicators/loop.go:197.3,197.14 1 190
github.com/johnklnl/replicators/loop.go:197.14,200.4 2 189
github.com/johnklnl/replicators/loop.go:203.2,204.39 2 41
github.com/johnklnl/replicators/loop.go:207.49,208.25 1 5
github.com/johnklnl/replicators/loop.go:208.25,209.22 1 1
github.com/johnklnl/replicators/loop.go:209.22,211.4 1 0
github.com/johnklnl/replicators/loop.go:214.2,215.27 1 1
github.com/johnklnl/replicators/loop.go:215.27,216.11 1 7
github.com/johnklnl/replicators/loop.go:217.22,218.24 1 0
github.com/johnklnl/replicators/loop.go:218.24,220.6 1 0
github.com/johnklnl/replicators/loop.go:221.5,221.16 1 0
github.com/johnklnl/replicators/loop.go:222.29,223.26 1 7
github.com/johnklnl/replicators/loop.go:228.2,228.30 1 5
github.com/johnklnl/replicators/loop.go:228.30,229.39 1 1
github.com/johnklnl/replicators/loop.go:229.39,231.4 1 10
github.com/johnklnl/replicators/loop.go:235.2,242.21 7 5
github.com/johnklnl/replicators/loop.go:242.21,244.3 1 4
github.com/johnklnl/replicators/loop.go:246.2,246.16 1 5
github.com/johnklnl/replicators/opts.go:44.68,53.37 2 5
github.com/johnklnl/replicators/opts.go:53.37,55.3 1 20
github.com/johnklnl/replicators/opts.go:57.2,57.16 1 5
github.com/johnklnl/replicators/opts.go:61.88,63.2 1 3
github.com/johnklnl/replicators/opts.go:68.73,69.29 1 7
github.com/johnklnl/replicators/opts.go:69.29,70.28 1 7
github.com/johnklnl/replicators/opts.go:70.28,73.4 2 4
github.com/johnklnl/replicators/opts.go:75.3,77.78 2 3
github.com/johnklnl/replicators/opts.go:77.78,80.4 2 143
github.com/johnklnl/replicators/opts.go:85.78,86.23 1 0
github.com/johnklnl/replicators/opts.go:86.23,87.30 1 0
github.com/johnklnl/replicators/opts.go:87.30,88.79 1 0
github.com/johnklnl/replicators/opts.go:88.79,89.32 1 0
github.com/johnklnl/replicators/opts.go:89.32,91.6 1 0
github.com/johnklnl/replicators/opts.go:96.2,96.29 1 0
github.com/johnklnl/replicators/opts.go:96.29,98.3 1 0
github.com/johnklnl/replicators/opts.go:102.56,103.29 1 2
github.com/johnklnl/replicators/opts.go:103.29,105.3 1 2
github.com/johnklnl/replicators/opts.go:111.58,112.29 1 5
github.com/johnklnl/replicators/opts.go:112.29,114.3 1 5
github.com/johnklnl/replicators/opts.go:120.58,121.29 1 1
github.com/johnklnl/replicators/opts.go:121.29,123.3 1 1
github.com/johnklnl/replicators/opts.go:127.74,128.29 1 5
github.com/johnklnl/replicators/opts.go:128.29,130.3 1 5
github.com/johnklnl/replicators/opts.go:135.74,136.29 1 0
github.com/johnklnl/replicators/opts.go:136.29,138.3 1 0
github.com/johnklnl/replicators/stats.go:39.33,41.2 1 3
github.com/johnklnl/replicators/stats.go:98.38,107.2 1 5
github.com/johnklnl/replicators/stats.go:112.52,113.29 1 4
github.com/johnklnl/replicators/stats.go:113.29,118.3 3 4
github.com/johnklnl/replicators/stats.go:127.52,131.2 1 4
github.com/johnklnl/replicators/stats.go:134.72,135.18 1 150
github.com/johnklnl/replicators/stats.go:136.23,137.30 1 89
github.com/johnklnl/replicators/stats.go:138.29,139.28 1 1
github.com/johnklnl/replicators/stats.go:140.55,141.34 1 0
github.com/johnklnl/replicators/stats.go:142.41,143.34 1 10
github.com/johnklnl/replicators/stats.go:144.24,145.34 1 10
github.com/johnklnl/replicators/stats.go:146.18,147.25 1 31
github.com/johnklnl/replicators/sub.go:42.103,50.2 1 20
github.com/johnklnl/replicators/sub.go:53.43,55.2 1 21
github.com/johnklnl/replicators/sub.go:58.39,63.2 3 1
github.com/johnklnl/replicators/sub.go:66.61,68.2 1 1
github.com/johnklnl/replicators/sub.go:70.45,74.2 3 10
github.com/johnklnl/replicators/sub.go:76.35,78.2 1 20
